yacc -dvl 12CS30001_ass3.y
12CS30001_ass3.y:137.17-18: error: $$ of ‘multiplicative_expression’ has no declared type
12CS30001_ass3.y:138.22-23: error: $$ of ‘multiplicative_expression’ has no declared type
12CS30001_ass3.y:138.32-33: error: $1 of ‘multiplicative_expression’ has no declared type
12CS30001_ass3.y:138.42-43: error: $3 of ‘multiplicative_expression’ has no declared type
12CS30001_ass3.y:141.17-18: error: $$ of ‘multiplicative_expression’ has no declared type
12CS30001_ass3.y:142.22-23: error: $$ of ‘multiplicative_expression’ has no declared type
12CS30001_ass3.y:142.32-33: error: $1 of ‘multiplicative_expression’ has no declared type
12CS30001_ass3.y:142.42-43: error: $3 of ‘multiplicative_expression’ has no declared type
12CS30001_ass3.y:146.17-18: error: $$ of ‘multiplicative_expression’ has no declared type
12CS30001_ass3.y:147.22-23: error: $$ of ‘multiplicative_expression’ has no declared type
12CS30001_ass3.y:147.32-33: error: $1 of ‘multiplicative_expression’ has no declared type
12CS30001_ass3.y:147.42-43: error: $3 of ‘multiplicative_expression’ has no declared type
12CS30001_ass3.y:154.17-18: error: $$ of ‘additive_expression’ has no declared type
12CS30001_ass3.y:154.21-22: error: $1 of ‘additive_expression’ has no declared type
12CS30001_ass3.y:156.17-18: error: $$ of ‘additive_expression’ has no declared type
12CS30001_ass3.y:157.22-23: error: $$ of ‘additive_expression’ has no declared type
12CS30001_ass3.y:157.31-32: error: $1 of ‘additive_expression’ has no declared type
12CS30001_ass3.y:157.40-41: error: $3 of ‘additive_expression’ has no declared type
12CS30001_ass3.y:160.17-18: error: $$ of ‘additive_expression’ has no declared type
12CS30001_ass3.y:161.22-23: error: $$ of ‘additive_expression’ has no declared type
12CS30001_ass3.y:161.31-32: error: $1 of ‘additive_expression’ has no declared type
12CS30001_ass3.y:161.40-41: error: $3 of ‘additive_expression’ has no declared type
12CS30001_ass3.y:167.17-18: error: $$ of ‘shift_expression’ has no declared type
12CS30001_ass3.y:167.21-22: error: $1 of ‘shift_expression’ has no declared type
12CS30001_ass3.y:169.17-18: error: $$ of ‘shift_expression’ has no declared type
12CS30001_ass3.y:170.22-23: error: $$ of ‘shift_expression’ has no declared type
12CS30001_ass3.y:170.31-32: error: $1 of ‘shift_expression’ has no declared type
12CS30001_ass3.y:170.40-41: error: $3 of ‘shift_expression’ has no declared type
12CS30001_ass3.y:173.17-18: error: $$ of ‘shift_expression’ has no declared type
12CS30001_ass3.y:174.22-23: error: $$ of ‘shift_expression’ has no declared type
12CS30001_ass3.y:174.31-32: error: $1 of ‘shift_expression’ has no declared type
12CS30001_ass3.y:174.40-41: error: $3 of ‘shift_expression’ has no declared type
12CS30001_ass3.y:180.17-18: error: $$ of ‘relational_expression’ has no declared type
12CS30001_ass3.y:180.21-22: error: $1 of ‘relational_expression’ has no declared type
12CS30001_ass3.y:182.17-18: error: $$ of ‘relational_expression’ has no declared type
12CS30001_ass3.y:183.22-23: error: $$ of ‘relational_expression’ has no declared type
12CS30001_ass3.y:183.31-32: error: $1 of ‘relational_expression’ has no declared type
12CS30001_ass3.y:183.40-41: error: $3 of ‘relational_expression’ has no declared type
12CS30001_ass3.y:186.17-18: error: $$ of ‘relational_expression’ has no declared type
12CS30001_ass3.y:187.22-23: error: $$ of ‘relational_expression’ has no declared type
12CS30001_ass3.y:187.31-32: error: $1 of ‘relational_expression’ has no declared type
12CS30001_ass3.y:187.40-41: error: $3 of ‘relational_expression’ has no declared type
12CS30001_ass3.y:190.17-18: error: $$ of ‘relational_expression’ has no declared type
12CS30001_ass3.y:191.22-23: error: $$ of ‘relational_expression’ has no declared type
12CS30001_ass3.y:191.31-32: error: $1 of ‘relational_expression’ has no declared type
12CS30001_ass3.y:191.40-41: error: $3 of ‘relational_expression’ has no declared type
12CS30001_ass3.y:194.17-18: error: $$ of ‘relational_expression’ has no declared type
12CS30001_ass3.y:195.22-23: error: $$ of ‘relational_expression’ has no declared type
12CS30001_ass3.y:195.31-32: error: $1 of ‘relational_expression’ has no declared type
12CS30001_ass3.y:195.40-41: error: $3 of ‘relational_expression’ has no declared type
make: *** [y.tab.c] Error 1
